E:\SCUT\JIULONG\KCF\KINECT\DEBUG\KINECT.EXE
E:\SCUT\JIULONG\KCF\KINECT\DEBUG\KINECT.ILK
E:\SCUT\JIULONG\KCF\KINECT\DEBUG\KINECT.PDB
E:\SCUT\JIULONG\KCF\KINECT\KINECT\DEBUG\FHOG.OBJ
E:\SCUT\JIULONG\KCF\KINECT\KINECT\DEBUG\KCFTRACKER.OBJ
E:\SCUT\JIULONG\KCF\KINECT\KINECT\DEBUG\KINECT.EXE.EMBED.MANIFEST.RES
E:\SCUT\JIULONG\KCF\KINECT\KINECT\DEBUG\KINECT.EXE.INTERMEDIATE.MANIFEST
E:\SCUT\JIULONG\KCF\KINECT\KINECT\DEBUG\KINECT.OBJ
E:\SCUT\JIULONG\KCF\KINECT\KINECT\DEBUG\KINECT.PCH
E:\SCUT\JIULONG\KCF\KINECT\KINECT\DEBUG\KINECT.RES
E:\SCUT\JIULONG\KCF\KINECT\KINECT\DEBUG\KINECTDLG.OBJ
E:\SCUT\JIULONG\KCF\KINECT\KINECT\DEBUG\STDAFX.OBJ
E:\SCUT\JIULONG\KCF\KINECT\KINECT\DEBUG\VC100.PDB
E:\SCUT\JIULONG\KCF_THREE\KINECT\DEBUG\KINECT.EXE
E:\SCUT\JIULONG\KCF_THREE\KINECT\DEBUG\KINECT.ILK
E:\SCUT\JIULONG\KCF_THREE\KINECT\DEBUG\KINECT.PDB
E:\SCUT\JIULONG\KCF_THREE\KINECT\KINECT\DEBUG\FHOG.OBJ
E:\SCUT\JIULONG\KCF_THREE\KINECT\KINECT\DEBUG\KCFTRACKER.OBJ
E:\SCUT\JIULONG\KCF_THREE\KINECT\KINECT\DEBUG\KINECT.EXE.EMBED.MANIFEST.RES
E:\SCUT\JIULONG\KCF_THREE\KINECT\KINECT\DEBUG\KINECT.EXE.INTERMEDIATE.MANIFEST
E:\SCUT\JIULONG\KCF_THREE\KINECT\KINECT\DEBUG\KINECT.OBJ
E:\SCUT\JIULONG\KCF_THREE\KINECT\KINECT\DEBUG\KINECT.PCH
E:\SCUT\JIULONG\KCF_THREE\KINECT\KINECT\DEBUG\KINECT.RES
E:\SCUT\JIULONG\KCF_THREE\KINECT\KINECT\DEBUG\KINECTDLG.OBJ
E:\SCUT\JIULONG\KCF_THREE\KINECT\KINECT\DEBUG\STDAFX.OBJ
E:\SCUT\JIULONG\KCF_THREE\KINECT\KINECT\DEBUG\VC100.PDB
E:\SCUT\JIULONG\KCF_THREE_THREAD\KINECT\DEBUG\KINECT.EXE
E:\SCUT\JIULONG\KCF_THREE_THREAD\KINECT\DEBUG\KINECT.ILK
E:\SCUT\JIULONG\KCF_THREE_THREAD\KINECT\DEBUG\KINECT.PDB
E:\scut\jiulong\KCF_three_thread\kinect\kinect\Debug\cl.command.1.tlog
E:\scut\jiulong\KCF_three_thread\kinect\kinect\Debug\CL.read.1.tlog
E:\scut\jiulong\KCF_three_thread\kinect\kinect\Debug\CL.write.1.tlog
E:\SCUT\JIULONG\KCF_THREE_THREAD\KINECT\KINECT\DEBUG\FHOG.OBJ
E:\SCUT\JIULONG\KCF_THREE_THREAD\KINECT\KINECT\DEBUG\KCFTRACKER.OBJ
E:\scut\jiulong\KCF_three_thread\kinect\kinect\Debug\kinect.exe.embed.manifest
E:\SCUT\JIULONG\KCF_THREE_THREAD\KINECT\KINECT\DEBUG\KINECT.EXE.EMBED.MANIFEST.RES
E:\SCUT\JIULONG\KCF_THREE_THREAD\KINECT\KINECT\DEBUG\KINECT.EXE.INTERMEDIATE.MANIFEST
E:\SCUT\JIULONG\KCF_THREE_THREAD\KINECT\KINECT\DEBUG\KINECT.OBJ
E:\SCUT\JIULONG\KCF_THREE_THREAD\KINECT\KINECT\DEBUG\KINECT.PCH
E:\SCUT\JIULONG\KCF_THREE_THREAD\KINECT\KINECT\DEBUG\KINECT.RES
E:\scut\jiulong\KCF_three_thread\kinect\kinect\Debug\kinect.vcxprojResolveAssemblyReference.cache
E:\scut\jiulong\KCF_three_thread\kinect\kinect\Debug\kinect.write.1.tlog
E:\scut\jiulong\KCF_three_thread\kinect\kinect\Debug\kinect_manifest.rc
E:\SCUT\JIULONG\KCF_THREE_THREAD\KINECT\KINECT\DEBUG\KINECTDLG.OBJ
E:\scut\jiulong\KCF_three_thread\kinect\kinect\Debug\link.1844.read.1.tlog
E:\scut\jiulong\KCF_three_thread\kinect\kinect\Debug\link.1844.write.1.tlog
E:\scut\jiulong\KCF_three_thread\kinect\kinect\Debug\link.1844-cvtres.read.1.tlog
E:\scut\jiulong\KCF_three_thread\kinect\kinect\Debug\link.1844-cvtres.write.1.tlog
E:\scut\jiulong\KCF_three_thread\kinect\kinect\Debug\link.3000.read.1.tlog
E:\scut\jiulong\KCF_three_thread\kinect\kinect\Debug\link.3000.write.1.tlog
E:\scut\jiulong\KCF_three_thread\kinect\kinect\Debug\link.3000-cvtres.read.1.tlog
E:\scut\jiulong\KCF_three_thread\kinect\kinect\Debug\link.3000-cvtres.write.1.tlog
E:\scut\jiulong\KCF_three_thread\kinect\kinect\Debug\link.3480.read.1.tlog
E:\scut\jiulong\KCF_three_thread\kinect\kinect\Debug\link.3480.write.1.tlog
E:\scut\jiulong\KCF_three_thread\kinect\kinect\Debug\link.3480-cvtres.read.1.tlog
E:\scut\jiulong\KCF_three_thread\kinect\kinect\Debug\link.3480-cvtres.write.1.tlog
E:\scut\jiulong\KCF_three_thread\kinect\kinect\Debug\link.3844.read.1.tlog
E:\scut\jiulong\KCF_three_thread\kinect\kinect\Debug\link.3844.write.1.tlog
E:\scut\jiulong\KCF_three_thread\kinect\kinect\Debug\link.3844-cvtres.read.1.tlog
E:\scut\jiulong\KCF_three_thread\kinect\kinect\Debug\link.3844-cvtres.write.1.tlog
E:\scut\jiulong\KCF_three_thread\kinect\kinect\Debug\link.3988.read.1.tlog
E:\scut\jiulong\KCF_three_thread\kinect\kinect\Debug\link.3988.write.1.tlog
E:\scut\jiulong\KCF_three_thread\kinect\kinect\Debug\link.3988-cvtres.read.1.tlog
E:\scut\jiulong\KCF_three_thread\kinect\kinect\Debug\link.3988-cvtres.write.1.tlog
E:\scut\jiulong\KCF_three_thread\kinect\kinect\Debug\link.4176.read.1.tlog
E:\scut\jiulong\KCF_three_thread\kinect\kinect\Debug\link.4176.write.1.tlog
E:\scut\jiulong\KCF_three_thread\kinect\kinect\Debug\link.4176-cvtres.read.1.tlog
E:\scut\jiulong\KCF_three_thread\kinect\kinect\Debug\link.4176-cvtres.write.1.tlog
E:\scut\jiulong\KCF_three_thread\kinect\kinect\Debug\link.4252.read.1.tlog
E:\scut\jiulong\KCF_three_thread\kinect\kinect\Debug\link.4252.write.1.tlog
E:\scut\jiulong\KCF_three_thread\kinect\kinect\Debug\link.4252-cvtres.read.1.tlog
E:\scut\jiulong\KCF_three_thread\kinect\kinect\Debug\link.4252-cvtres.write.1.tlog
E:\scut\jiulong\KCF_three_thread\kinect\kinect\Debug\link.4568.read.1.tlog
E:\scut\jiulong\KCF_three_thread\kinect\kinect\Debug\link.4568.write.1.tlog
E:\scut\jiulong\KCF_three_thread\kinect\kinect\Debug\link.4568-cvtres.read.1.tlog
E:\scut\jiulong\KCF_three_thread\kinect\kinect\Debug\link.4568-cvtres.write.1.tlog
E:\scut\jiulong\KCF_three_thread\kinect\kinect\Debug\link.5048.read.1.tlog
E:\scut\jiulong\KCF_three_thread\kinect\kinect\Debug\link.5048.write.1.tlog
E:\scut\jiulong\KCF_three_thread\kinect\kinect\Debug\link.5048-cvtres.read.1.tlog
E:\scut\jiulong\KCF_three_thread\kinect\kinect\Debug\link.5048-cvtres.write.1.tlog
E:\scut\jiulong\KCF_three_thread\kinect\kinect\Debug\link.6796.read.1.tlog
E:\scut\jiulong\KCF_three_thread\kinect\kinect\Debug\link.6796.write.1.tlog
E:\scut\jiulong\KCF_three_thread\kinect\kinect\Debug\link.6796-cvtres.read.1.tlog
E:\scut\jiulong\KCF_three_thread\kinect\kinect\Debug\link.6796-cvtres.write.1.tlog
E:\scut\jiulong\KCF_three_thread\kinect\kinect\Debug\link.7020.read.1.tlog
E:\scut\jiulong\KCF_three_thread\kinect\kinect\Debug\link.7020.write.1.tlog
E:\scut\jiulong\KCF_three_thread\kinect\kinect\Debug\link.7020-cvtres.read.1.tlog
E:\scut\jiulong\KCF_three_thread\kinect\kinect\Debug\link.7020-cvtres.write.1.tlog
E:\scut\jiulong\KCF_three_thread\kinect\kinect\Debug\link.7144.read.1.tlog
E:\scut\jiulong\KCF_three_thread\kinect\kinect\Debug\link.7144.write.1.tlog
E:\scut\jiulong\KCF_three_thread\kinect\kinect\Debug\link.7144-cvtres.read.1.tlog
E:\scut\jiulong\KCF_three_thread\kinect\kinect\Debug\link.7144-cvtres.write.1.tlog
E:\scut\jiulong\KCF_three_thread\kinect\kinect\Debug\link.7692.read.1.tlog
E:\scut\jiulong\KCF_three_thread\kinect\kinect\Debug\link.7692.write.1.tlog
E:\scut\jiulong\KCF_three_thread\kinect\kinect\Debug\link.7692-cvtres.read.1.tlog
E:\scut\jiulong\KCF_three_thread\kinect\kinect\Debug\link.7692-cvtres.write.1.tlog
E:\scut\jiulong\KCF_three_thread\kinect\kinect\Debug\link.9572.read.1.tlog
E:\scut\jiulong\KCF_three_thread\kinect\kinect\Debug\link.9572.write.1.tlog
E:\scut\jiulong\KCF_three_thread\kinect\kinect\Debug\link.9572-cvtres.read.1.tlog
E:\scut\jiulong\KCF_three_thread\kinect\kinect\Debug\link.9572-cvtres.write.1.tlog
E:\scut\jiulong\KCF_three_thread\kinect\kinect\Debug\link.command.1.tlog
E:\scut\jiulong\KCF_three_thread\kinect\kinect\Debug\link.read.1.tlog
E:\scut\jiulong\KCF_three_thread\kinect\kinect\Debug\link.write.1.tlog
E:\scut\jiulong\KCF_three_thread\kinect\kinect\Debug\link-cvtres.read.1.tlog
E:\scut\jiulong\KCF_three_thread\kinect\kinect\Debug\link-cvtres.write.1.tlog
E:\scut\jiulong\KCF_three_thread\kinect\kinect\Debug\mt.command.1.tlog
E:\scut\jiulong\KCF_three_thread\kinect\kinect\Debug\mt.read.1.tlog
E:\scut\jiulong\KCF_three_thread\kinect\kinect\Debug\mt.write.1.tlog
E:\scut\jiulong\KCF_three_thread\kinect\kinect\Debug\rc.command.1.tlog
E:\scut\jiulong\KCF_three_thread\kinect\kinect\Debug\rc.read.1.tlog
E:\scut\jiulong\KCF_three_thread\kinect\kinect\Debug\rc.write.1.tlog
E:\SCUT\JIULONG\KCF_THREE_THREAD\KINECT\KINECT\DEBUG\STDAFX.OBJ
E:\scut\jiulong\KCF_three_thread\kinect\kinect\Debug\vc100.idb
E:\SCUT\JIULONG\KCF_THREE_THREAD\KINECT\KINECT\DEBUG\VC100.PDB
G:\兰九龙实验2\KINECT\KINECT\DEBUG\KINECT.EXE
G:\兰九龙实验2\KINECT\KINECT\DEBUG\KINECT.ILK
G:\兰九龙实验2\KINECT\KINECT\DEBUG\KINECT.PDB
G:\兰九龙实验2\KINECT\KINECT\KINECT\DEBUG\FHOG.OBJ
G:\兰九龙实验2\KINECT\KINECT\KINECT\DEBUG\KCFTRACKER.OBJ
G:\兰九龙实验2\KINECT\KINECT\KINECT\DEBUG\KINECT.EXE.EMBED.MANIFEST
G:\兰九龙实验2\KINECT\KINECT\KINECT\DEBUG\KINECT.EXE.EMBED.MANIFEST.RES
G:\兰九龙实验2\KINECT\KINECT\KINECT\DEBUG\KINECT.EXE.INTERMEDIATE.MANIFEST
G:\兰九龙实验2\KINECT\KINECT\KINECT\DEBUG\KINECT.OBJ
G:\兰九龙实验2\KINECT\KINECT\KINECT\DEBUG\KINECT.PCH
G:\兰九龙实验2\KINECT\KINECT\KINECT\DEBUG\KINECT.RES
G:\兰九龙实验2\KINECT\KINECT\KINECT\DEBUG\KINECTDLG.OBJ
G:\兰九龙实验2\KINECT\KINECT\KINECT\DEBUG\STDAFX.OBJ
G:\兰九龙实验2\KINECT\KINECT\KINECT\DEBUG\VC100.PDB
